#
# There is insufficient memory for the Java Runtime Environment to continue.
# Native memory allocation (malloc) failed to allocate 1048576 bytes for AllocateHeap
# Possible reasons:
#   The system is out of physical RAM or swap space
#   The process is running with CompressedOops enabled, and the Java Heap may be blocking the growth of the native heap
# Possible solutions:
#   Reduce memory load on the system
#   Increase physical memory or swap space
#   Check if swap backing store is full
#   Decrease Java heap size (-Xmx/-Xms)
#   Decrease number of Java threads
#   Decrease Java thread stack sizes (-Xss)
#   Set larger code cache with -XX:ReservedCodeCacheSize=
#   JVM is running with Unscaled Compressed Oops mode in which the Java heap is
#     placed in the first 4GB address space. The Java Heap base address is the
#     maximum limit for the native heap growth. Please use -XX:HeapBaseMinAddress
#     to set the Java Heap base and to place the Java Heap above 4GB virtual address.
# This output file may be truncated or incomplete.
#
#  Out of Memory Error (allocation.cpp:44), pid=18568, tid=16036
#
# JRE version:  (19.0.2+7) (build )
# Java VM: Java HotSpot(TM) 64-Bit Server VM (19.0.2+7-44, mixed mode, sharing, tiered, compressed oops, compressed class ptrs, g1 gc, windows-amd64)
# No core dump will be written. Minidumps are not enabled by default on client versions of Windows
#

---------------  S U M M A R Y ------------

Command Line: 

Host: 12th Gen Intel(R) Core(TM) i5-1235U, 12 cores, 7G,  Windows 11 , 64 bit Build 22621 (10.0.22621.3235)
Time: Tue Mar 12 12:02:50 2024 India Standard Time elapsed time: 0.011088 seconds (0d 0h 0m 0s)

---------------  T H R E A D  ---------------

Current thread (0x000001df7b7c4cb0):  JavaThread "Unknown thread" [_thread_in_vm, id=16036, stack(0x0000000be8200000,0x0000000be8300000)]

Stack: [0x0000000be8200000,0x0000000be8300000]
Native frames: (J=compiled Java code, j=interpreted, Vv=VM code, C=native code)
V  [jvm.dll+0x6ee21a]
V  [jvm.dll+0x85765e]
V  [jvm.dll+0x85904e]
V  [jvm.dll+0x859703]
V  [jvm.dll+0x28298f]
V  [jvm.dll+0xc406b]
V  [jvm.dll+0x32a5d9]
V  [jvm.dll+0x82174b]
V  [jvm.dll+0x3c2661]
V  [jvm.dll+0x801f51]
V  [jvm.dll+0x44ae8f]
V  [jvm.dll+0x44c811]
C  [jli.dll+0x5287]
C  [ucrtbase.dll+0x29363]
C  [KERNEL32.DLL+0x1257d]
C  [ntdll.dll+0x5aa58]


---------------  P R O C E S S  ---------------

Threads class SMR info:
_java_thread_list=0x00007ffd9ac7d048, length=0, elements={
}

Java Threads: ( => current thread )

Other Threads:

=>0x000001df7b7c4cb0 (exited) JavaThread "Unknown thread" [_thread_in_vm, id=16036, stack(0x0000000be8200000,0x0000000be8300000)]

Threads with active compile tasks:

VM state: not at safepoint (not fully initialized)

VM Mutex/Monitor currently owned by a thread: None

Heap address: 0x0000000000000000, size: 0 MB, Compressed Oops mode: 32-bit

CDS archive(s) mapped at: [0x0000000000000000-0x0000000000000000-0x0000000000000000), size 0, SharedBaseAddress: 0x0000000800000000, ArchiveRelocationMode: 0.
Narrow klass base: 0x0000000000000000, Narrow klass shift: 0, Narrow klass range: 0x0

GC Precious Log:
 CardTable entry size: 512
 Card Set container configuration: InlinePtr #cards 5 size 8 Array Of Cards #cards 12 size 40 Howl #buckets 4 coarsen threshold 1843 Howl Bitmap #cards 512 size 80 coarsen threshold 460 Card regions per heap region 1 cards per card region 2048

GC Heap History (0 events):
No events

Dll operation events (1 events):
Event: 0.006 Loaded shared library C:\Program Files\Java\jdk-19\bin\java.dll

Deoptimization events (0 events):
No events

Classes loaded (0 events):
No events

Classes unloaded (0 events):
No events

Classes redefined (0 events):
No events

Internal exceptions (0 events):
No events

VM Operations (0 events):
No events

Events (0 events):
No events


Dynamic libraries:
0x00007ff653190000 - 0x00007ff6531a0000 	C:\Program Files\Java\jdk-19\bin\java.exe
0x00007ffe5f5d0000 - 0x00007ffe5f7e6000 	C:\Windows\SYSTEM32\ntdll.dll
0x00007ffe5dc50000 - 0x00007ffe5dd14000 	C:\Windows\System32\KERNEL32.DLL
0x00007ffe5cc40000 - 0x00007ffe5cfe6000 	C:\Windows\System32\KERNELBASE.dll
0x00007ffe5d1d0000 - 0x00007ffe5d2e1000 	C:\Windows\System32\ucrtbase.dll
0x00007ffe08080000 - 0x00007ffe08098000 	C:\Program Files\Java\jdk-19\bin\jli.dll
0x00007ffe5d4f0000 - 0x00007ffe5d5a2000 	C:\Windows\System32\ADVAPI32.dll
0x00007ffe5d320000 - 0x00007ffe5d3c7000 	C:\Windows\System32\msvcrt.dll
0x00007ffe08740000 - 0x00007ffe0875b000 	C:\Program Files\Java\jdk-19\bin\VCRUNTIME140.dll
0x00007ffe5e830000 - 0x00007ffe5e8d8000 	C:\Windows\System32\sechost.dll
0x00007ffe5d2f0000 - 0x00007ffe5d318000 	C:\Windows\System32\bcrypt.dll
0x00007ffe5d3d0000 - 0x00007ffe5d4e5000 	C:\Windows\System32\RPCRT4.dll
0x00007ffe5d870000 - 0x00007ffe5da1d000 	C:\Windows\System32\USER32.dll
0x00007ffe5cc10000 - 0x00007ffe5cc36000 	C:\Windows\System32\win32u.dll
0x00007ffe5dc10000 - 0x00007ffe5dc39000 	C:\Windows\System32\GDI32.dll
0x00007ffe5caf0000 - 0x00007ffe5cc08000 	C:\Windows\System32\gdi32full.dll
0x00007ffe5d070000 - 0x00007ffe5d10a000 	C:\Windows\System32\msvcp_win.dll
0x00007ffe44630000 - 0x00007ffe448c3000 	C:\Windows\WinSxS\amd64_microsoft.windows.common-controls_6595b64144ccf1df_6.0.22621.3235_none_270f74e173860f98\COMCTL32.dll
0x00007ffe3e020000 - 0x00007ffe3e02a000 	C:\Windows\SYSTEM32\VERSION.dll
0x00007ffe5dbd0000 - 0x00007ffe5dc01000 	C:\Windows\System32\IMM32.DLL
0x00007ffe092c0000 - 0x00007ffe092cc000 	C:\Program Files\Java\jdk-19\bin\vcruntime140_1.dll
0x00007ffdbe140000 - 0x00007ffdbe1ce000 	C:\Program Files\Java\jdk-19\bin\msvcp140.dll
0x00007ffd9a100000 - 0x00007ffd9adc0000 	C:\Program Files\Java\jdk-19\bin\server\jvm.dll
0x00007ffe504d0000 - 0x00007ffe50504000 	C:\Windows\SYSTEM32\WINMM.dll
0x00007ffdd7db0000 - 0x00007ffdd7db9000 	C:\Windows\SYSTEM32\WSOCK32.dll
0x00007ffe5e9b0000 - 0x00007ffe5ea21000 	C:\Windows\System32\WS2_32.dll
0x00007ffe5b920000 - 0x00007ffe5b938000 	C:\Windows\SYSTEM32\kernel.appcore.dll
0x00007ffe04960000 - 0x00007ffe0496a000 	C:\Program Files\Java\jdk-19\bin\jimage.dll
0x00007ffe5a120000 - 0x00007ffe5a353000 	C:\Windows\SYSTEM32\DBGHELP.DLL
0x00007ffe5f020000 - 0x00007ffe5f3a8000 	C:\Windows\System32\combase.dll
0x00007ffe5f3b0000 - 0x00007ffe5f487000 	C:\Windows\System32\OLEAUT32.dll
0x00007ffe3bc30000 - 0x00007ffe3bc62000 	C:\Windows\SYSTEM32\dbgcore.DLL
0x00007ffe5cff0000 - 0x00007ffe5d06a000 	C:\Windows\System32\bcryptPrimitives.dll
0x00007ffdcd550000 - 0x00007ffdcd576000 	C:\Program Files\Java\jdk-19\bin\java.dll

dbghelp: loaded successfully - version: 4.0.5 - missing functions: none
symbol engine: initialized successfully - sym options: 0x614 - pdb path: .;C:\Program Files\Java\jdk-19\bin;C:\Windows\SYSTEM32;C:\Windows\WinSxS\amd64_microsoft.windows.common-controls_6595b64144ccf1df_6.0.22621.3235_none_270f74e173860f98;C:\Program Files\Java\jdk-19\bin\server

VM Arguments:
java_command: <unknown>
java_class_path (initial): <not set>
Launcher Type: SUN_STANDARD

[Global flags]
     intx CICompilerCount                          = 4                                         {product} {ergonomic}
     uint ConcGCThreads                            = 3                                         {product} {ergonomic}
     uint G1ConcRefinementThreads                  = 10                                        {product} {ergonomic}
   size_t G1HeapRegionSize                         = 1048576                                   {product} {ergonomic}
    uintx GCDrainStackTargetSize                   = 64                                        {product} {ergonomic}
   size_t InitialHeapSize                          = 130023424                                 {product} {ergonomic}
   size_t MarkStackSize                            = 4194304                                   {product} {ergonomic}
   size_t MaxHeapSize                              = 2065694720                                {product} {ergonomic}
   size_t MinHeapDeltaBytes                        = 1048576                                   {product} {ergonomic}
   size_t MinHeapSize                              = 8388608                                   {product} {ergonomic}
    uintx NonNMethodCodeHeapSize                   = 5839372                                {pd product} {ergonomic}
    uintx NonProfiledCodeHeapSize                  = 122909434                              {pd product} {ergonomic}
    uintx ProfiledCodeHeapSize                     = 122909434                              {pd product} {ergonomic}
    uintx ReservedCodeCacheSize                    = 251658240                              {pd product} {ergonomic}
     bool SegmentedCodeCache                       = true                                      {product} {ergonomic}
   size_t SoftMaxHeapSize                          = 2065694720                             {manageable} {ergonomic}
     bool UseCompressedClassPointers               = true                           {product lp64_product} {ergonomic}
     bool UseCompressedOops                        = true                           {product lp64_product} {ergonomic}
     bool UseG1GC                                  = true                                      {product} {ergonomic}
     bool UseLargePagesIndividualAllocation        = false                                  {pd product} {ergonomic}

Logging:
Log output configuration:
 #0: stdout all=warning uptime,level,tags foldmultilines=false
 #1: stderr all=off uptime,level,tags foldmultilines=false

Environment Variables:
PATH=D:\MEMORIES\BU\New folder\React_Native\JobApp\node_modules\.bin;D:\MEMORIES\BU\New folder\React_Native\JobApp\node_modules\.bin;D:\MEMORIES\BU\New folder\React_Native\node_modules\.bin;D:\MEMORIES\BU\New folder\node_modules\.bin;D:\MEMORIES\BU\node_modules\.bin;D:\MEMORIES\node_modules\.bin;D:\node_modules\.bin;C:\Users\balas\AppData\Roaming\nvm\v21.7.1\node_modules\npm\node_modules\@npmcli\run-script\lib\node-gyp-bin;D:\MEMORIES\BU\New folder\React_Native\JobApp\node_modules\.bin;D:\MEMORIES\BU\New folder\React_Native\JobApp\node_modules\.bin;D:\MEMORIES\BU\New folder\React_Native\node_modules\.bin;D:\MEMORIES\BU\New folder\node_modules\.bin;D:\MEMORIES\BU\node_modules\.bin;D:\MEMORIES\node_modules\.bin;D:\node_modules\.bin;C:\Users\balas\AppData\Roaming\nvm\v21.7.1\node_modules\npm\node_modules\@npmcli\run-script\lib\node-gyp-bin;C:\Program Files\Common Files\Oracle\Java\javapath;C:\Windows\system32;C:\Windows;C:\Windows\System32\Wbem;C:\Windows\System32\WindowsPowerShell\v1.0\;C:\Windows\System32\OpenSSH\;C:\Program Files\dotnet\;C:\flutter\bin;C:\Users\balas\AppData\Local\Android\Sdk\platforms;C:\Users\balas\AppData\Local\Android\Sdk\platform-tools;C:\Program Files\Java\jdk-19\bin;C:\Program Files\Git\cmd;C:\Program Files\Microsoft SQL Server\150\Tools\Binn\;C:\Program Files\Microsoft SQL Server\Client SDK\ODBC\170\Tools\Binn\;C:\Program Files (x86)\Microsoft SQL Server\160\DTS\Binn\;C:\Program Files\Azure Data Studio\bin;C:\Program Files (x86)\Microsoft SQL Server\160\Tools\Binn\;C:\Program Files\Microsoft SQL Server\160\Tools\Binn\;C:\Program Files\Microsoft SQL Server\160\DTS\Binn\;C:\Users\balas\AppData\Roaming\nvm;C:\Program Files\nodejs;C:\Users\balas\AppData\Local\Programs\Python\Python311\Scripts\;C:\Users\balas\AppData\Local\Programs\Python\Python311\;C:\Users\balas\AppData\Local\Microsoft\WindowsApps;D:\Python\PyCharm Community Edition 2022.3.1\bin;C:\Users\balas\AppData\Local\JetBrains\Toolbox\scripts;C:\Users\balas\AppData\Local\Programs\Microsoft VS Code\bin;C:\Users\balas\.dotnet\tools;C:\Users\balas\AppData\Roaming\npm;C:\Program Files\Azure Data Studio\bin;C:\Users\balas\AppData\Roaming\nvm;C:\Program Files\nodejs;C:\Users\balas\AppData\Local\Android\Sdk\platform-tools;
USERNAME=balas
LANG=en_US.UTF-8
OS=Windows_NT
PROCESSOR_IDENTIFIER=Intel64 Family 6 Model 154 Stepping 4, GenuineIntel
TMP=C:\Users\balas\AppData\Local\Temp
TEMP=C:\Users\balas\AppData\Local\Temp



---------------  S Y S T E M  ---------------

OS:
 Windows 11 , 64 bit Build 22621 (10.0.22621.3235)
OS uptime: 0 days 1:11 hours
Hyper-V role detected

CPU: total 12 (initial active 12) (6 cores per cpu, 2 threads per core) family 6 model 154 stepping 4 microcode 0x42c, cx8, cmov, fxsr, ht, mmx, 3dnowpref, sse, sse2, sse3, ssse3, sse4.1, sse4.2, popcnt, lzcnt, tsc, tscinvbit, avx, avx2, aes, erms, clmul, bmi1, bmi2, adx, sha, fma, vzeroupper, clflush, clflushopt, clwb, hv, serialize, rdtscp, rdpid, fsrm

Memory: 4k page, system-wide physical 7876M (274M free)
TotalPageFile size 31442M (AvailPageFile size 5M)
current process WorkingSet (physical memory assigned to process): 10M, peak: 10M
current process commit charge ("private bytes"): 16M, peak: 17M

vm_info: Java HotSpot(TM) 64-Bit Server VM (19.0.2+7-44) for windows-amd64 JRE (19.0.2+7-44), built on 2022-11-30T18:02:09Z by "mach5one" with MS VC++ 17.1 (VS2022)

END.
